<?xml version="1.0" encoding="UTF-8"?>
<coverage generated="1687875038169" clover="3.2.0">
  <project timestamp="1687875038170" name="All files">
    <metrics statements="49" coveredstatements="49" conditionals="18" coveredconditionals="16" methods="7" coveredmethods="7" elements="74" coveredelements="72" complexity="0" loc="49" ncloc="49" packages="2" files="5" classes="5"/>
    <package name="src">
      <metrics statements="45" coveredstatements="45" conditionals="18" coveredconditionals="16" methods="5" coveredmethods="5"/>
      <file name="noRepeatNums.ts" path="/Users/huangjiacheng/workspace/leetCodeQuestion/src/noRepeatNums.ts">
        <metrics statements="12" coveredstatements="12" conditionals="3" coveredconditionals="3" methods="1" coveredmethods="1"/>
        <line num="1" count="1" type="stmt"/>
        <line num="3" count="2" type="stmt"/>
        <line num="4" count="2" type="stmt"/>
        <line num="6" count="2" type="stmt"/>
        <line num="7" count="2" type="stmt"/>
        <line num="8" count="8" type="cond" truecount="1" falsecount="0"/>
        <line num="10" count="7" type="stmt"/>
        <line num="12" count="8" type="cond" truecount="2" falsecount="0"/>
        <line num="14" count="8" type="stmt"/>
        <line num="15" count="8" type="stmt"/>
        <line num="18" count="8" type="stmt"/>
        <line num="20" count="2" type="stmt"/>
      </file>
      <file name="twoAdd.ts" path="/Users/huangjiacheng/workspace/leetCodeQuestion/src/twoAdd.ts">
        <metrics statements="19" coveredstatements="19" conditionals="13" coveredconditionals="11" methods="1" coveredmethods="1"/>
        <line num="3" count="1" type="stmt"/>
        <line num="5" count="1" type="stmt"/>
        <line num="6" count="1" type="stmt"/>
        <line num="8" count="1" type="stmt"/>
        <line num="10" count="1" type="cond" truecount="2" falsecount="0"/>
        <line num="11" count="2" type="cond" truecount="1" falsecount="1"/>
        <line num="12" count="2" type="cond" truecount="1" falsecount="1"/>
        <line num="13" count="2" type="stmt"/>
        <line num="15" count="2" type="cond" truecount="2" falsecount="0"/>
        <line num="16" count="1" type="stmt"/>
        <line num="18" count="1" type="stmt"/>
        <line num="20" count="2" type="cond" truecount="2" falsecount="0"/>
        <line num="22" count="2" type="cond" truecount="1" falsecount="0"/>
        <line num="23" count="2" type="stmt"/>
        <line num="26" count="2" type="cond" truecount="1" falsecount="0"/>
        <line num="27" count="2" type="stmt"/>
        <line num="31" count="1" type="cond" truecount="1" falsecount="0"/>
        <line num="32" count="1" type="stmt"/>
        <line num="35" count="1" type="stmt"/>
      </file>
      <file name="twoArrayMiddleNums.ts" path="/Users/huangjiacheng/workspace/leetCodeQuestion/src/twoArrayMiddleNums.ts">
        <metrics statements="7" coveredstatements="7" conditionals="1" coveredconditionals="1" methods="2" coveredmethods="2"/>
        <line num="3" count="1" type="stmt"/>
        <line num="4" count="3" type="stmt"/>
        <line num="5" count="5" type="stmt"/>
        <line num="7" count="3" type="stmt"/>
        <line num="9" count="3" type="cond" truecount="1" falsecount="0"/>
        <line num="10" count="1" type="stmt"/>
        <line num="13" count="2" type="stmt"/>
      </file>
      <file name="twoSum.ts" path="/Users/huangjiacheng/workspace/leetCodeQuestion/src/twoSum.ts">
        <metrics statements="7" coveredstatements="7" conditionals="1" coveredconditionals="1" methods="1" coveredmethods="1"/>
        <line num="3" count="1" type="stmt"/>
        <line num="4" count="2" type="stmt"/>
        <line num="6" count="2" type="stmt"/>
        <line num="7" count="3" type="stmt"/>
        <line num="9" count="3" type="cond" truecount="1" falsecount="0"/>
        <line num="10" count="2" type="stmt"/>
        <line num="12" count="1" type="stmt"/>
      </file>
    </package>
    <package name="src.utils">
      <metrics statements="4" coveredstatements="4" conditionals="0" coveredconditionals="0" methods="2" coveredmethods="2"/>
      <file name="listNode.ts" path="/Users/huangjiacheng/workspace/leetCodeQuestion/src/utils/listNode.ts">
        <metrics statements="4" coveredstatements="4" conditionals="0" coveredconditionals="0" methods="2" coveredmethods="2"/>
        <line num="1" count="1" type="stmt"/>
        <line num="3" count="10" type="stmt"/>
        <line num="6" count="10" type="stmt"/>
        <line num="10" count="1" type="stmt"/>
      </file>
    </package>
  </project>
</coverage>
