{"/Users/huangjiacheng/workspace/leetCodeQuestion/src/longestStr.ts": {"path":"/Users/huangjiacheng/workspace/leetCodeQuestion/src/longestStr.ts","statementMap":{"0":{"start":{"line":3,"column":26},"end":{"line":22,"column":1}},"1":{"start":{"line":4,"column":2},"end":{"line":4,"column":26}},"2":{"start":{"line":4,"column":17},"end":{"line":4,"column":26}},"3":{"start":{"line":6,"column":12},"end":{"line":6,"column":20}},"4":{"start":{"line":6,"column":29},"end":{"line":6,"column":30}},"5":{"start":{"line":6,"column":40},"end":{"line":6,"column":41}},"6":{"start":{"line":8,"column":26},"end":{"line":8,"column":30}},"7":{"start":{"line":10,"column":2},"end":{"line":19,"column":null}},"8":{"start":{"line":10,"column":15},"end":{"line":10,"column":16}},"9":{"start":{"line":11,"column":4},"end":{"line":18,"column":null}},"10":{"start":{"line":11,"column":17},"end":{"line":11,"column":18}},"11":{"start":{"line":12,"column":6},"end":{"line":12,"column":82}},"12":{"start":{"line":14,"column":6},"end":{"line":17,"column":null}},"13":{"start":{"line":15,"column":8},"end":{"line":15,"column":17}},"14":{"start":{"line":16,"column":8},"end":{"line":16,"column":18}},"15":{"start":{"line":21,"column":2},"end":{"line":21,"column":38}},"16":{"start":{"line":3,"column":13},"end":{"line":3,"column":26}}},"fnMap":{"0":{"name":"(anonymous_0)","decl":{"start":{"line":3,"column":26},"end":{"line":3,"column":27}},"loc":{"start":{"line":3,"column":40},"end":{"line":22,"column":1}}}},"branchMap":{"0":{"loc":{"start":{"line":4,"column":2},"end":{"line":4,"column":26}},"type":"if","locations":[{"start":{"line":4,"column":2},"end":{"line":4,"column":26}}]},"1":{"loc":{"start":{"line":12,"column":17},"end":{"line":12,"column":81}},"type":"binary-expr","locations":[{"start":{"line":12,"column":18},"end":{"line":12,"column":45}},{"start":{"line":12,"column":51},"end":{"line":12,"column":60}},{"start":{"line":12,"column":64},"end":{"line":12,"column":80}}]},"2":{"loc":{"start":{"line":14,"column":6},"end":{"line":17,"column":null}},"type":"if","locations":[{"start":{"line":14,"column":6},"end":{"line":17,"column":null}}]},"3":{"loc":{"start":{"line":14,"column":10},"end":{"line":14,"column":42}},"type":"binary-expr","locations":[{"start":{"line":14,"column":10},"end":{"line":14,"column":18}},{"start":{"line":14,"column":22},"end":{"line":14,"column":42}}]}},"s":{"0":1,"1":1,"2":0,"3":1,"4":1,"5":1,"6":1,"7":1,"8":1,"9":2,"10":2,"11":3,"12":2,"13":0,"14":0,"15":0,"16":1},"f":{"0":1},"b":{"0":[0],"1":[3,2,0],"2":[0],"3":[2,1]}}
}
