{"/Users/huangjiacheng/workspace/leetCodeQuestion/src/twoAdd.ts": {"path":"/Users/huangjiacheng/workspace/leetCodeQuestion/src/twoAdd.ts","statementMap":{"0":{"start":{"line":3,"column":0},"end":{"line":3,"column":44}},"1":{"start":{"line":5,"column":29},"end":{"line":36,"column":1}},"2":{"start":{"line":6,"column":30},"end":{"line":6,"column":34}},"3":{"start":{"line":6,"column":60},"end":{"line":6,"column":64}},"4":{"start":{"line":8,"column":14},"end":{"line":8,"column":15}},"5":{"start":{"line":10,"column":2},"end":{"line":29,"column":null}},"6":{"start":{"line":11,"column":15},"end":{"line":11,"column":40}},"7":{"start":{"line":12,"column":15},"end":{"line":12,"column":40}},"8":{"start":{"line":13,"column":16},"end":{"line":13,"column":31}},"9":{"start":{"line":15,"column":4},"end":{"line":19,"column":null}},"10":{"start":{"line":16,"column":6},"end":{"line":16,"column":43}},"11":{"start":{"line":18,"column":6},"end":{"line":18,"column":42}},"12":{"start":{"line":20,"column":4},"end":{"line":20,"column":28}},"13":{"start":{"line":22,"column":4},"end":{"line":24,"column":null}},"14":{"start":{"line":23,"column":6},"end":{"line":23,"column":20}},"15":{"start":{"line":26,"column":4},"end":{"line":28,"column":null}},"16":{"start":{"line":27,"column":6},"end":{"line":27,"column":20}},"17":{"start":{"line":31,"column":2},"end":{"line":33,"column":null}},"18":{"start":{"line":32,"column":4},"end":{"line":32,"column":37}},"19":{"start":{"line":35,"column":2},"end":{"line":35,"column":15}},"20":{"start":{"line":5,"column":13},"end":{"line":5,"column":29}}},"fnMap":{"0":{"name":"(anonymous_0)","decl":{"start":{"line":5,"column":29},"end":{"line":5,"column":30}},"loc":{"start":{"line":5,"column":70},"end":{"line":36,"column":1}}}},"branchMap":{"0":{"loc":{"start":{"line":10,"column":9},"end":{"line":10,"column":33}},"type":"binary-expr","locations":[{"start":{"line":10,"column":9},"end":{"line":10,"column":19}},{"start":{"line":10,"column":23},"end":{"line":10,"column":33}}]},"1":{"loc":{"start":{"line":11,"column":15},"end":{"line":11,"column":40}},"type":"cond-expr","locations":[{"start":{"line":11,"column":28},"end":{"line":11,"column":36}},{"start":{"line":11,"column":39},"end":{"line":11,"column":40}}]},"2":{"loc":{"start":{"line":12,"column":15},"end":{"line":12,"column":40}},"type":"cond-expr","locations":[{"start":{"line":12,"column":28},"end":{"line":12,"column":36}},{"start":{"line":12,"column":39},"end":{"line":12,"column":40}}]},"3":{"loc":{"start":{"line":15,"column":4},"end":{"line":19,"column":null}},"type":"if","locations":[{"start":{"line":15,"column":4},"end":{"line":19,"column":null}},{"start":{"line":17,"column":11},"end":{"line":19,"column":null}}]},"4":{"loc":{"start":{"line":20,"column":12},"end":{"line":20,"column":27}},"type":"cond-expr","locations":[{"start":{"line":20,"column":22},"end":{"line":20,"column":23}},{"start":{"line":20,"column":26},"end":{"line":20,"column":27}}]},"5":{"loc":{"start":{"line":22,"column":4},"end":{"line":24,"column":null}},"type":"if","locations":[{"start":{"line":22,"column":4},"end":{"line":24,"column":null}}]},"6":{"loc":{"start":{"line":26,"column":4},"end":{"line":28,"column":null}},"type":"if","locations":[{"start":{"line":26,"column":4},"end":{"line":28,"column":null}}]},"7":{"loc":{"start":{"line":31,"column":2},"end":{"line":33,"column":null}},"type":"if","locations":[{"start":{"line":31,"column":2},"end":{"line":33,"column":null}}]}},"s":{"0":1,"1":1,"2":1,"3":1,"4":1,"5":1,"6":2,"7":2,"8":2,"9":2,"10":1,"11":1,"12":2,"13":2,"14":2,"15":2,"16":2,"17":1,"18":1,"19":1,"20":1},"f":{"0":1},"b":{"0":[3,1],"1":[2,0],"2":[2,0],"3":[1,1],"4":[1,1],"5":[2],"6":[2],"7":[1]}}
,"/Users/huangjiacheng/workspace/leetCodeQuestion/src/twoSum.ts": {"path":"/Users/huangjiacheng/workspace/leetCodeQuestion/src/twoSum.ts","statementMap":{"0":{"start":{"line":3,"column":22},"end":{"line":13,"column":1}},"1":{"start":{"line":4,"column":14},"end":{"line":4,"column":39}},"2":{"start":{"line":6,"column":2},"end":{"line":11,"column":null}},"3":{"start":{"line":6,"column":14},"end":{"line":6,"column":15}},"4":{"start":{"line":7,"column":18},"end":{"line":7,"column":25}},"5":{"start":{"line":7,"column":31},"end":{"line":7,"column":45}},"6":{"start":{"line":9,"column":4},"end":{"line":9,"column":43}},"7":{"start":{"line":9,"column":19},"end":{"line":9,"column":43}},"8":{"start":{"line":10,"column":4},"end":{"line":10,"column":22}},"9":{"start":{"line":12,"column":2},"end":{"line":12,"column":12}},"10":{"start":{"line":3,"column":13},"end":{"line":3,"column":22}}},"fnMap":{"0":{"name":"(anonymous_0)","decl":{"start":{"line":3,"column":22},"end":{"line":3,"column":23}},"loc":{"start":{"line":3,"column":67},"end":{"line":13,"column":1}}}},"branchMap":{"0":{"loc":{"start":{"line":9,"column":4},"end":{"line":9,"column":43}},"type":"if","locations":[{"start":{"line":9,"column":4},"end":{"line":9,"column":43}}]}},"s":{"0":1,"1":2,"2":2,"3":2,"4":3,"5":3,"6":3,"7":1,"8":2,"9":1,"10":1},"f":{"0":2},"b":{"0":[1]}}
,"/Users/huangjiacheng/workspace/leetCodeQuestion/src/utils/listNode.ts": {"path":"/Users/huangjiacheng/workspace/leetCodeQuestion/src/utils/listNode.ts","statementMap":{"0":{"start":{"line":3,"column":9},"end":{"line":3,"column":41}},"1":{"start":{"line":6,"column":4},"end":{"line":6,"column":23}},"2":{"start":{"line":10,"column":4},"end":{"line":10,"column":null}},"3":{"start":{"line":1,"column":0},"end":{"line":1,"column":13}}},"fnMap":{"0":{"name":"(anonymous_0)","decl":{"start":{"line":5,"column":2},"end":{"line":5,"column":14}},"loc":{"start":{"line":5,"column":22},"end":{"line":7,"column":3}}},"1":{"name":"(anonymous_1)","decl":{"start":{"line":9,"column":9},"end":{"line":9,"column":17}},"loc":{"start":{"line":9,"column":17},"end":{"line":11,"column":3}}}},"branchMap":{},"s":{"0":10,"1":10,"2":1,"3":1},"f":{"0":10,"1":1},"b":{}}
}
