TN:
SF:src/longestStr.ts
FN:3,(anonymous_0)
FN:12,(anonymous_1)
FNF:2
FNH:2
FNDA:1,(anonymous_0)
FNDA:5,(anonymous_1)
DA:3,1
DA:4,1
DA:6,1
DA:7,1
DA:8,1
DA:9,1
DA:12,5
DA:14,1
DA:15,4
DA:17,10
DA:18,2
DA:19,2
DA:21,1
DA:22,1
DA:23,1
DA:28,1
LF:16
LH:16
BRDA:4,0,0,0
BRDA:4,1,0,1
BRDA:4,1,1,1
BRDA:17,2,0,2
BRDA:17,3,0,10
BRDA:17,3,1,2
BRDA:17,3,2,0
BRDA:19,4,0,1
BRF:8
BRH:6
end_of_record
TN:
SF:src/noRepeatNums.ts
FN:3,(anonymous_0)
FNF:1
FNH:1
FNDA:2,(anonymous_0)
DA:3,1
DA:5,2
DA:6,2
DA:8,2
DA:9,2
DA:10,8
DA:12,7
DA:14,8
DA:16,8
DA:17,8
DA:20,8
DA:22,2
LF:12
LH:12
BRDA:10,0,0,7
BRDA:14,1,0,16
BRDA:14,1,1,15
BRF:3
BRH:3
end_of_record
TN:
SF:src/twoAdd.ts
FN:5,(anonymous_0)
FNF:1
FNH:1
FNDA:1,(anonymous_0)
DA:3,1
DA:5,1
DA:6,1
DA:8,1
DA:10,1
DA:11,2
DA:12,2
DA:13,2
DA:15,2
DA:16,1
DA:18,1
DA:20,2
DA:22,2
DA:23,2
DA:26,2
DA:27,2
DA:31,1
DA:32,1
DA:35,1
LF:19
LH:19
BRDA:10,0,0,3
BRDA:10,0,1,1
BRDA:11,1,0,2
BRDA:11,1,1,0
BRDA:12,2,0,2
BRDA:12,2,1,0
BRDA:15,3,0,1
BRDA:15,3,1,1
BRDA:20,4,0,1
BRDA:20,4,1,1
BRDA:22,5,0,2
BRDA:26,6,0,2
BRDA:31,7,0,1
BRF:13
BRH:11
end_of_record
TN:
SF:src/twoArrayMiddleNums.ts
FN:3,(anonymous_0)
FN:5,(anonymous_1)
FNF:2
FNH:2
FNDA:3,(anonymous_0)
FNDA:5,(anonymous_1)
DA:3,1
DA:4,3
DA:5,5
DA:7,3
DA:9,3
DA:10,1
DA:13,2
LF:7
LH:7
BRDA:9,0,0,1
BRF:1
BRH:1
end_of_record
TN:
SF:src/twoSum.ts
FN:3,(anonymous_0)
FNF:1
FNH:1
FNDA:2,(anonymous_0)
DA:3,1
DA:4,2
DA:6,2
DA:7,3
DA:9,3
DA:10,2
DA:12,1
LF:7
LH:7
BRDA:9,0,0,1
BRF:1
BRH:1
end_of_record
TN:
SF:src/utils/listNode.ts
FN:5,(anonymous_0)
FN:9,(anonymous_1)
FNF:2
FNH:2
FNDA:10,(anonymous_0)
FNDA:1,(anonymous_1)
DA:1,1
DA:3,10
DA:6,10
DA:10,1
LF:4
LH:4
BRF:0
BRH:0
end_of_record
