TN:
SF:src/twoAdd.ts
FN:5,(anonymous_0)
FNF:1
FNH:1
FNDA:1,(anonymous_0)
DA:3,1
DA:5,1
DA:6,1
DA:7,1
DA:8,1
DA:10,1
DA:11,2
DA:12,2
DA:14,2
DA:16,2
DA:18,2
DA:20,2
DA:22,2
DA:23,2
DA:26,1
DA:27,1
LF:16
LH:16
BRDA:10,0,0,3
BRDA:10,0,1,1
BRDA:11,1,0,2
BRDA:11,1,1,0
BRDA:12,2,0,2
BRDA:12,2,1,0
BRDA:22,3,0,2
BRDA:23,4,0,2
BRDA:26,5,0,1
BRF:9
BRH:7
end_of_record
TN:
SF:src/utils/listNode.ts
FN:5,(anonymous_0)
FNF:1
FNH:1
FNDA:10,(anonymous_0)
DA:1,1
DA:6,10
DA:7,10
LF:3
LH:3
BRF:0
BRH:0
end_of_record
